2020-03-08 01:03:27.368  INFO 18344 --- [restartedMain] c.codeclan.projects.cms.CmsApplication   : Starting CmsApplication on DESKTOP-SJNOPJA with PID 18344 (E:\IT_data\proyectos\full-stack-cms\server\target\classes started by VladmirVolgen in E:\IT_data\proyectos\full-stack-cms)
2020-03-08 01:03:27.371  INFO 18344 --- [restartedMain] c.codeclan.projects.cms.CmsApplication   : No active profile set, falling back to default profiles: default
2020-03-08 01:03:27.451  INFO 18344 --- [restartedMain] o.s.b.devtools.restart.ChangeableUrls    : The Class-Path manifest attribute in E:\IT_data\maven_repos\org\glassfish\jaxb\jaxb-runtime\2.3.2\jaxb-runtime-2.3.2.jar referenced one or more files that do not exist: file:/E:/IT_data/maven_repos/org/glassfish/jaxb/jaxb-runtime/2.3.2/jakarta.xml.bind-api-2.3.2.jar,file:/E:/IT_data/maven_repos/org/glassfish/jaxb/jaxb-runtime/2.3.2/txw2-2.3.2.jar,file:/E:/IT_data/maven_repos/org/glassfish/jaxb/jaxb-runtime/2.3.2/istack-commons-runtime-3.0.8.jar,file:/E:/IT_data/maven_repos/org/glassfish/jaxb/jaxb-runtime/2.3.2/stax-ex-1.8.1.jar,file:/E:/IT_data/maven_repos/org/glassfish/jaxb/jaxb-runtime/2.3.2/FastInfoset-1.2.16.jar,file:/E:/IT_data/maven_repos/org/glassfish/jaxb/jaxb-runtime/2.3.2/jakarta.activation-api-1.2.1.jar
2020-03-08 01:03:27.455  INFO 18344 --- [restartedMain] .e.DevToolsPropertyDefaultsPostProcessor : Devtools property defaults active! Set 'spring.devtools.add-properties' to 'false' to disable
2020-03-08 01:03:27.456  INFO 18344 --- [restartedMain] .e.DevToolsPropertyDefaultsPostProcessor : For additional web related logging consider setting the 'logging.level.web' property to 'DEBUG'
2020-03-08 01:03:28.236  INFO 18344 --- [restartedMain] .s.d.r.c.RepositoryConfigurationDelegate : Bootstrapping Spring Data JPA repositories in DEFAULT mode.
2020-03-08 01:03:28.298  INFO 18344 --- [restartedMain] .s.d.r.c.RepositoryConfigurationDelegate : Finished Spring Data repository scanning in 52ms. Found 2 JPA repository interfaces.
2020-03-08 01:03:28.873  INFO 18344 --- [restartedMain] o.s.b.w.embedded.tomcat.TomcatWebServer  : Tomcat initialized with port(s): 8080 (http)
2020-03-08 01:03:28.882  INFO 18344 --- [restartedMain] o.apache.catalina.core.StandardService   : Starting service [Tomcat]
2020-03-08 01:03:28.883  INFO 18344 --- [restartedMain] org.apache.catalina.core.StandardEngine  : Starting Servlet engine: [Apache Tomcat/9.0.31]
2020-03-08 01:03:28.958  INFO 18344 --- [restartedMain] o.a.c.c.C.[Tomcat].[localhost].[/]       : Initializing Spring embedded WebApplicationContext
2020-03-08 01:03:28.959  INFO 18344 --- [restartedMain] o.s.web.context.ContextLoader            : Root WebApplicationContext: initialization completed in 1503 ms
2020-03-08 01:03:29.150  INFO 18344 --- [restartedMain] o.hibernate.jpa.internal.util.LogHelper  : HHH000204: Processing PersistenceUnitInfo [name: default]
2020-03-08 01:03:29.199  INFO 18344 --- [restartedMain] org.hibernate.Version                    : HHH000412: Hibernate ORM core version 5.4.12.Final
2020-03-08 01:03:29.277  INFO 18344 --- [restartedMain] o.hibernate.annotations.common.Version   : HCANN000001: Hibernate Commons Annotations {5.1.0.Final}
2020-03-08 01:03:29.347  INFO 18344 --- [restartedMain] com.zaxxer.hikari.HikariDataSource       : HikariPool-1 - Starting...
2020-03-08 01:03:29.419  INFO 18344 --- [restartedMain] com.zaxxer.hikari.HikariDataSource       : HikariPool-1 - Start completed.
2020-03-08 01:03:29.430  INFO 18344 --- [restartedMain] org.hibernate.dialect.Dialect            : HHH000400: Using dialect: org.hibernate.dialect.PostgreSQLDialect
2020-03-08 01:03:30.461  INFO 18344 --- [restartedMain] o.h.e.t.j.p.i.JtaPlatformInitiator       : HHH000490: Using JtaPlatform implementation: [org.hibernate.engine.transaction.jta.platform.internal.NoJtaPlatform]
2020-03-08 01:03:30.467  INFO 18344 --- [restartedMain] j.LocalContainerEntityManagerFactoryBean : Initialized JPA EntityManagerFactory for persistence unit 'default'
2020-03-08 01:03:30.514  INFO 18344 --- [restartedMain] o.s.b.d.a.OptionalLiveReloadServer       : LiveReload server is running on port 35729
2020-03-08 01:03:31.040  WARN 18344 --- [restartedMain] o.s.d.rest.webmvc.halbrowser.HalBrowser  : ---
2020-03-08 01:03:31.041  WARN 18344 --- [restartedMain] o.s.d.rest.webmvc.halbrowser.HalBrowser  : Spring Data REST HAL Browser is deprecated! Prefer the HAL Explorer (artifactId: spring-data-rest-hal-explorer)!
2020-03-08 01:03:31.041  WARN 18344 --- [restartedMain] o.s.d.rest.webmvc.halbrowser.HalBrowser  : ---
2020-03-08 01:03:31.099  WARN 18344 --- [restartedMain] JpaBaseConfiguration$JpaWebConfiguration : spring.jpa.open-in-view is enabled by default. Therefore, database queries may be performed during view rendering. Explicitly configure spring.jpa.open-in-view to disable this warning
2020-03-08 01:03:31.210  INFO 18344 --- [restartedMain] o.s.s.concurrent.ThreadPoolTaskExecutor  : Initializing ExecutorService 'applicationTaskExecutor'
2020-03-08 01:03:31.586  INFO 18344 --- [restartedMain] o.s.b.w.embedded.tomcat.TomcatWebServer  : Tomcat started on port(s): 8080 (http) with context path ''
2020-03-08 01:03:31.590  INFO 18344 --- [restartedMain] c.codeclan.projects.cms.CmsApplication   : Started CmsApplication in 4.64 seconds (JVM running for 5.694)
